1613074131701	geckodriver	INFO	Listening on 127.0.0.1:38389
1613074132703	mozrunner::runner	INFO	Running command: "/usr/bin/firefox" "--marionette" "-foreground" "-no-remote" "-profile" "/tmp/rust_mozprofilelCuYTu"
console.warn: SearchSettings: "get: No settings file exists, new profile?" (new Error("", "(unknown module)"))
console.warn: SearchSettings: "get: No settings file exists, new profile?" (new Error("", "(unknown module)"))
1613074134811	Marionette	INFO	Listening on port 37609
1613074134949	Marionette	WARN	TLS certificate errors will be ignored for this session
1613074134968	Marionette	ERROR	[15] No reply from Marionette:Register
1613074135233	Marionette	INFO	Stopped listening on port 37609
JavaScript error: resource://activity-stream/lib/ASRouter.jsm, line 987: NS_ERROR_ILLEGAL_VALUE: Component returned failure code: 0x80070057 (NS_ERROR_ILLEGAL_VALUE) [nsIObserverService.removeObserver]

###!!! [Parent][RunMessage] Error: Channel closing: too late to send/recv, messages will be lost

1613074155390	geckodriver	INFO	Listening on 127.0.0.1:50779
1613074155394	mozrunner::runner	INFO	Running command: "/usr/bin/firefox" "--marionette" "-foreground" "-no-remote" "-profile" "/tmp/rust_mozprofileR7Gc8x"
console.warn: SearchSettings: "get: No settings file exists, new profile?" (new Error("", "(unknown module)"))
1613074157402	Marionette	INFO	Listening on port 38849
console.warn: SearchSettings: "get: No settings file exists, new profile?" (new Error("", "(unknown module)"))
1613074157541	Marionette	WARN	TLS certificate errors will be ignored for this session
1613074157558	Marionette	ERROR	[15] No reply from Marionette:Register
JavaScript error: resource://gre/actors/AutoCompleteChild.jsm, line 125: Error: Invalid autocomplete selectedIndex
1613074160884	Marionette	INFO	Stopped listening on port 38849

###!!! [Parent][RunMessage] Error: Channel closing: too late to send/recv, messages will be lost

1613074189042	geckodriver	INFO	Listening on 127.0.0.1:56145
1613074189046	mozrunner::runner	INFO	Running command: "/usr/bin/firefox" "--marionette" "-foreground" "-no-remote" "-profile" "/tmp/rust_mozprofilec4jmW8"
console.warn: SearchSettings: "get: No settings file exists, new profile?" (new Error("", "(unknown module)"))
console.warn: SearchSettings: "get: No settings file exists, new profile?" (new Error("", "(unknown module)"))
1613074191082	Marionette	INFO	Listening on port 43919
1613074191181	Marionette	WARN	TLS certificate errors will be ignored for this session
1613074191195	Marionette	ERROR	[18] No reply from Marionette:Register
JavaScript error: resource://gre/actors/AutoCompleteChild.jsm, line 125: Error: Invalid autocomplete selectedIndex
1613074194512	Marionette	INFO	Stopped listening on port 43919

###!!! [Parent][RunMessage] Error: Channel closing: too late to send/recv, messages will be lost

1613074210222	geckodriver	INFO	Listening on 127.0.0.1:40311
1613074210230	mozrunner::runner	INFO	Running command: "/usr/bin/firefox" "--marionette" "-foreground" "-no-remote" "-profile" "/tmp/rust_mozprofileYaQgBG"
console.warn: SearchSettings: "get: No settings file exists, new profile?" (new Error("", "(unknown module)"))
console.warn: SearchSettings: "get: No settings file exists, new profile?" (new Error("", "(unknown module)"))
1613074212305	Marionette	INFO	Listening on port 43875
1613074212361	Marionette	WARN	TLS certificate errors will be ignored for this session
1613074212377	Marionette	ERROR	[15] No reply from Marionette:Register
JavaScript error: resource://gre/actors/AutoCompleteChild.jsm, line 125: Error: Invalid autocomplete selectedIndex
1613074215719	Marionette	INFO	Stopped listening on port 43875

###!!! [Parent][RunMessage] Error: Channel closing: too late to send/recv, messages will be lost

1613074342345	geckodriver	INFO	Listening on 127.0.0.1:53355
1613074342349	mozrunner::runner	INFO	Running command: "/usr/bin/firefox" "--marionette" "-foreground" "-no-remote" "-profile" "/tmp/rust_mozprofileKxfYgD"
console.warn: SearchSettings: "get: No settings file exists, new profile?" (new Error("", "(unknown module)"))
1613074344357	Marionette	INFO	Listening on port 34987
1613074344481	Marionette	WARN	TLS certificate errors will be ignored for this session
1613074344505	Marionette	ERROR	[15] No reply from Marionette:Register
console.warn: SearchSettings: "get: No settings file exists, new profile?" (new Error("", "(unknown module)"))
1613074344845	Marionette	INFO	Stopped listening on port 34987
console.warn: services.settings: main/partitioning-exempt-urls sync interrupted by shutdown
JavaScript error: resource://activity-stream/lib/ASRouter.jsm, line 987: NS_ERROR_ILLEGAL_VALUE: Component returned failure code: 0x80070057 (NS_ERROR_ILLEGAL_VALUE) [nsIObserverService.removeObserver]
console.error: services.settings: 
  main/cfr-fxa Signature failed  TypeError: NetworkError when attempting to fetch resource.

###!!! [Parent][RunMessage] Error: Channel closing: too late to send/recv, messages will be lost

1613074367241	geckodriver	INFO	Listening on 127.0.0.1:45261
1613074367245	mozrunner::runner	INFO	Running command: "/usr/bin/firefox" "--marionette" "-foreground" "-no-remote" "-profile" "/tmp/rust_mozprofileuRWCnd"
console.warn: SearchSettings: "get: No settings file exists, new profile?" (new Error("", "(unknown module)"))
1613074369222	Marionette	INFO	Listening on port 43237
1613074369276	Marionette	WARN	TLS certificate errors will be ignored for this session
1613074369291	Marionette	ERROR	[15] No reply from Marionette:Register
1613074369637	Marionette	INFO	Stopped listening on port 43237
JavaScript error: resource://activity-stream/lib/ASRouter.jsm, line 987: NS_ERROR_ILLEGAL_VALUE: Component returned failure code: 0x80070057 (NS_ERROR_ILLEGAL_VALUE) [nsIObserverService.removeObserver]
console.error: services.settings: 
  main/message-groups Signature failed  TypeError: NetworkError when attempting to fetch resource.
console.error: services.settings: 
  main/partitioning-exempt-urls Signature failed  Error: Shutdown, aborting read-only worker requests.
1613074749972	geckodriver	INFO	Listening on 127.0.0.1:43761
1613074749977	mozrunner::runner	INFO	Running command: "/usr/bin/firefox" "--marionette" "-foreground" "-no-remote" "-profile" "/tmp/rust_mozprofile0brevr"
console.warn: SearchSettings: "get: No settings file exists, new profile?" (new Error("", "(unknown module)"))
1613074752078	Marionette	INFO	Listening on port 44015
1613074752108	Marionette	WARN	TLS certificate errors will be ignored for this session
1613074752121	Marionette	ERROR	[15] No reply from Marionette:Register
console.warn: SearchSettings: "get: No settings file exists, new profile?" (new Error("", "(unknown module)"))
JavaScript error: resource://gre/actors/AutoCompleteChild.jsm, line 125: Error: Invalid autocomplete selectedIndex
1613074755485	Marionette	INFO	Stopped listening on port 44015
JavaScript error: resource://gre/modules/UrlClassifierListManager.jsm, line 691: TypeError: this.tablesData[table] is undefined

###!!! [Parent][RunMessage] Error: Channel closing: too late to send/recv, messages will be lost

1613075478283	geckodriver	INFO	Listening on 127.0.0.1:52903
1613075479289	mozrunner::runner	INFO	Running command: "/usr/bin/firefox" "--marionette" "-foreground" "-no-remote" "-profile" "/tmp/rust_mozprofileirchGF"
console.warn: SearchSettings: "get: No settings file exists, new profile?" (new Error("", "(unknown module)"))
console.warn: SearchSettings: "get: No settings file exists, new profile?" (new Error("", "(unknown module)"))
1613075481551	Marionette	INFO	Listening on port 40845
1613075481627	Marionette	WARN	TLS certificate errors will be ignored for this session
1613075481640	Marionette	ERROR	[15] No reply from Marionette:Register
JavaScript error: resource://gre/actors/AutoCompleteChild.jsm, line 125: Error: Invalid autocomplete selectedIndex
1613075484982	Marionette	INFO	Stopped listening on port 40845

###!!! [Parent][RunMessage] Error: Channel closing: too late to send/recv, messages will be lost

